To github.com:wolfmib/ja_log.git
   4101ba3..bc4f746  main -> main
To github.com:wolfmib/ja_log.git
   bc4f746..208287f  main -> main
To github.com:wolfmib/ja_log.git
   208287f..98132a6  main -> main
To github.com:wolfmib/ja_log.git
   98132a6..03cf654  main -> main
To github.com:wolfmib/ja_log.git
   03cf654..3ca28cb  main -> main
To github.com:wolfmib/ja_log.git
   3ca28cb..5cc7dcc  main -> main
To github.com:wolfmib/ja_log.git
   5cc7dcc..bdef09b  main -> main
To github.com:wolfmib/ja_log.git
   bdef09b..f316063  main -> main
To github.com:wolfmib/ja_log.git
   f316063..56b7705  main -> main
To github.com:wolfmib/ja_log.git
   56b7705..b885501  main -> main
To github.com:wolfmib/ja_log.git
   b885501..b09b12e  main -> main
To github.com:wolfmib/ja_log.git
   b09b12e..d9486de  main -> main
To github.com:wolfmib/ja_log.git
   d9486de..351e2ce  main -> main
To github.com:wolfmib/ja_log.git
   351e2ce..44ddafa  main -> main
To github.com:wolfmib/ja_log.git
   44ddafa..9ebfcb2  main -> main
To github.com:wolfmib/ja_log.git
   9ebfcb2..b7970b4  main -> main
To github.com:wolfmib/ja_log.git
   b7970b4..c17fd09  main -> main
To github.com:wolfmib/ja_log.git
   c17fd09..50c333b  main -> main
To github.com:wolfmib/ja_log.git
   50c333b..b8dbca4  main -> main
To github.com:wolfmib/ja_log.git
   b8dbca4..cbd5cdd  main -> main
To github.com:wolfmib/ja_log.git
   cbd5cdd..058b879  main -> main
To github.com:wolfmib/ja_log.git
   058b879..0fd3161  main -> main
To github.com:wolfmib/ja_log.git
   0fd3161..65ef04b  main -> main
To github.com:wolfmib/ja_log.git
   65ef04b..05b5980  main -> main
To github.com:wolfmib/ja_log.git
   05b5980..3cd31f3  main -> main
To github.com:wolfmib/ja_log.git
   3cd31f3..c0e52f7  main -> main
To github.com:wolfmib/ja_log.git
   c0e52f7..cb17b65  main -> main
To github.com:wolfmib/ja_log.git
   cb17b65..732adc9  main -> main
To github.com:wolfmib/ja_log.git
   732adc9..ce1859e  main -> main
To github.com:wolfmib/ja_log.git
   ce1859e..a095035  main -> main
To github.com:wolfmib/ja_log.git
   a095035..0c7755b  main -> main
To github.com:wolfmib/ja_log.git
   0c7755b..51b0b37  main -> main
To github.com:wolfmib/ja_log.git
   51b0b37..706ed3d  main -> main
To github.com:wolfmib/ja_log.git
   706ed3d..b37cb1b  main -> main
To github.com:wolfmib/ja_log.git
   b37cb1b..68806fe  main -> main
To github.com:wolfmib/ja_log.git
   68806fe..c44d8cd  main -> main
To github.com:wolfmib/ja_log.git
   c44d8cd..2616023  main -> main
To github.com:wolfmib/ja_log.git
   2616023..fa25e27  main -> main
To github.com:wolfmib/ja_log.git
   fa25e27..291ed34  main -> main
To github.com:wolfmib/ja_log.git
   291ed34..fb06c24  main -> main
To github.com:wolfmib/ja_log.git
   fb06c24..816365e  main -> main
To github.com:wolfmib/ja_log.git
   816365e..cee4d99  main -> main
To github.com:wolfmib/ja_log.git
   cee4d99..fe3aa50  main -> main
To github.com:wolfmib/ja_log.git
   fe3aa50..8da8824  main -> main
To github.com:wolfmib/ja_log.git
   8da8824..06a62b4  main -> main
To github.com:wolfmib/ja_log.git
   06a62b4..527d28f  main -> main
To github.com:wolfmib/ja_log.git
   527d28f..96794e6  main -> main
To github.com:wolfmib/ja_log.git
   96794e6..33a35d4  main -> main
To github.com:wolfmib/ja_log.git
   33a35d4..18f0a72  main -> main
To github.com:wolfmib/ja_log.git
   18f0a72..136c512  main -> main
To github.com:wolfmib/ja_log.git
   136c512..8e03ab2  main -> main
To github.com:wolfmib/ja_log.git
   8e03ab2..b9722de  main -> main
To github.com:wolfmib/ja_log.git
   b9722de..bef6a0c  main -> main
To github.com:wolfmib/ja_log.git
   bef6a0c..6c46804  main -> main
To github.com:wolfmib/ja_log.git
   6c46804..bc5a8f6  main -> main
To github.com:wolfmib/ja_log.git
   bc5a8f6..2960e75  main -> main
To github.com:wolfmib/ja_log.git
   2960e75..baca745  main -> main
To github.com:wolfmib/ja_log.git
   baca745..9b5ab9b  main -> main
To github.com:wolfmib/ja_log.git
   9b5ab9b..35f6fb9  main -> main
To github.com:wolfmib/ja_log.git
   35f6fb9..37dca42  main -> main
To github.com:wolfmib/ja_log.git
   15b5896..6140b2b  main -> main
To github.com:wolfmib/ja_log.git
   6140b2b..1710b9e  main -> main
To github.com:wolfmib/ja_log.git
   1710b9e..039ddf1  main -> main
To github.com:wolfmib/ja_log.git
   039ddf1..f73d40a  main -> main
To github.com:wolfmib/ja_log.git
   f73d40a..badc73c  main -> main
To github.com:wolfmib/ja_log.git
   badc73c..c3abbe6  main -> main
To github.com:wolfmib/ja_log.git
   c3abbe6..01c26dc  main -> main
To github.com:wolfmib/ja_log.git
   01c26dc..be8f1fe  main -> main
To github.com:wolfmib/ja_log.git
   be8f1fe..8f30f39  main -> main
Warning: Permanently added the ECDSA host key for IP address '140.82.113.3' to the list of known hosts.
To github.com:wolfmib/ja_log.git
   8f30f39..d091301  main -> main
To github.com:wolfmib/ja_log.git
   d091301..960cd61  main -> main
To github.com:wolfmib/ja_log.git
   960cd61..fbca264  main -> main
To github.com:wolfmib/ja_log.git
   fbca264..96070d6  main -> main
To github.com:wolfmib/ja_log.git
   96070d6..4e833f3  main -> main
To github.com:wolfmib/ja_log.git
   4e833f3..07118d5  main -> main
To github.com:wolfmib/ja_log.git
   07118d5..5a5182d  main -> main
To github.com:wolfmib/ja_log.git
   5a5182d..0990cf9  main -> main
To github.com:wolfmib/ja_log.git
   0990cf9..9a30184  main -> main
To github.com:wolfmib/ja_log.git
   9a30184..277f17f  main -> main
To github.com:wolfmib/ja_log.git
   277f17f..aca390a  main -> main
To github.com:wolfmib/ja_log.git
   aca390a..c54d37d  main -> main
To github.com:wolfmib/ja_log.git
   c54d37d..3a264d8  main -> main
To github.com:wolfmib/ja_log.git
   3a264d8..f38b74d  main -> main
To github.com:wolfmib/ja_log.git
   f38b74d..bfb5661  main -> main
To github.com:wolfmib/ja_log.git
   bfb5661..11ac7b9  main -> main
To github.com:wolfmib/ja_log.git
   11ac7b9..928edb6  main -> main
To github.com:wolfmib/ja_log.git
   928edb6..853fa1a  main -> main
To github.com:wolfmib/ja_log.git
   853fa1a..67ff9b0  main -> main
To github.com:wolfmib/ja_log.git
   67ff9b0..8c7168a  main -> main
To github.com:wolfmib/ja_log.git
   8c7168a..13dbedd  main -> main
To github.com:wolfmib/ja_log.git
   13dbedd..2e39bc8  main -> main
To github.com:wolfmib/ja_log.git
   2e39bc8..bd5c6e0  main -> main
To github.com:wolfmib/ja_log.git
   bd5c6e0..79ccc22  main -> main
To github.com:wolfmib/ja_log.git
   79ccc22..3f75340  main -> main
To github.com:wolfmib/ja_log.git
   3f75340..1578b5a  main -> main
To github.com:wolfmib/ja_log.git
   1578b5a..6c633a9  main -> main
To github.com:wolfmib/ja_log.git
   6c633a9..a40932c  main -> main
To github.com:wolfmib/ja_log.git
   a40932c..2f1b06e  main -> main
To github.com:wolfmib/ja_log.git
   2f1b06e..1e501c1  main -> main
To github.com:wolfmib/ja_log.git
   1e501c1..91c2f06  main -> main
To github.com:wolfmib/ja_log.git
   91c2f06..1ca43c4  main -> main
To github.com:wolfmib/ja_log.git
   1ca43c4..97b63d7  main -> main
To github.com:wolfmib/ja_log.git
   97b63d7..0d3e452  main -> main
To github.com:wolfmib/ja_log.git
   0d3e452..6873488  main -> main
To github.com:wolfmib/ja_log.git
   6873488..d1d201c  main -> main
To github.com:wolfmib/ja_log.git
   d1d201c..abe1c0f  main -> main
To github.com:wolfmib/ja_log.git
   abe1c0f..a49af27  main -> main
To github.com:wolfmib/ja_log.git
   a49af27..c76ad1d  main -> main
To github.com:wolfmib/ja_log.git
   c76ad1d..82e40b4  main -> main
To github.com:wolfmib/ja_log.git
   82e40b4..2db1d6d  main -> main
To github.com:wolfmib/ja_log.git
   2db1d6d..f662139  main -> main
To github.com:wolfmib/ja_log.git
   f662139..719d250  main -> main
To github.com:wolfmib/ja_log.git
   719d250..614ea10  main -> main
To github.com:wolfmib/ja_log.git
   614ea10..732e487  main -> main
To github.com:wolfmib/ja_log.git
   732e487..5ba19ea  main -> main
To github.com:wolfmib/ja_log.git
   5ba19ea..1490ccf  main -> main
To github.com:wolfmib/ja_log.git
   1490ccf..db4bffc  main -> main
To github.com:wolfmib/ja_log.git
   db4bffc..f13cb65  main -> main
To github.com:wolfmib/ja_log.git
   f13cb65..e62da8d  main -> main
To github.com:wolfmib/ja_log.git
   e62da8d..ff53876  main -> main
To github.com:wolfmib/ja_log.git
   ff53876..ac63a13  main -> main
To github.com:wolfmib/ja_log.git
   ac63a13..54874f1  main -> main
To github.com:wolfmib/ja_log.git
   54874f1..cfd60dc  main -> main
To github.com:wolfmib/ja_log.git
   cfd60dc..3ccc784  main -> main
To github.com:wolfmib/ja_log.git
   3ccc784..2a4b774  main -> main
To github.com:wolfmib/ja_log.git
   2a4b774..5342bc0  main -> main
To github.com:wolfmib/ja_log.git
   5342bc0..4c307dd  main -> main
To github.com:wolfmib/ja_log.git
   4c307dd..560e615  main -> main
To github.com:wolfmib/ja_log.git
   560e615..25d3df6  main -> main
To github.com:wolfmib/ja_log.git
   25d3df6..445464e  main -> main
To github.com:wolfmib/ja_log.git
   445464e..978a11f  main -> main
To github.com:wolfmib/ja_log.git
   978a11f..0207d73  main -> main
To github.com:wolfmib/ja_log.git
   0207d73..fd48f32  main -> main
To github.com:wolfmib/ja_log.git
   fd48f32..36be379  main -> main
To github.com:wolfmib/ja_log.git
   36be379..1526518  main -> main
To github.com:wolfmib/ja_log.git
   1526518..d125ef1  main -> main
To github.com:wolfmib/ja_log.git
   d125ef1..857b8f6  main -> main
To github.com:wolfmib/ja_log.git
   857b8f6..970220c  main -> main
To github.com:wolfmib/ja_log.git
   970220c..a137c7c  main -> main
To github.com:wolfmib/ja_log.git
   a137c7c..9b09b7c  main -> main
To github.com:wolfmib/ja_log.git
   9b09b7c..bc8d58c  main -> main
To github.com:wolfmib/ja_log.git
   bc8d58c..10f5c93  main -> main
To github.com:wolfmib/ja_log.git
   10f5c93..05227ee  main -> main
To github.com:wolfmib/ja_log.git
   05227ee..caeee89  main -> main
To github.com:wolfmib/ja_log.git
   caeee89..1d31bf9  main -> main
To github.com:wolfmib/ja_log.git
   1d31bf9..928b505  main -> main
To github.com:wolfmib/ja_log.git
   928b505..4c834af  main -> main
To github.com:wolfmib/ja_log.git
   4c834af..b3d0d20  main -> main
To github.com:wolfmib/ja_log.git
   b3d0d20..86e9231  main -> main
To github.com:wolfmib/ja_log.git
   86e9231..0d32d46  main -> main
To github.com:wolfmib/ja_log.git
   0d32d46..4600f96  main -> main
To github.com:wolfmib/ja_log.git
   4600f96..51f42ce  main -> main
To github.com:wolfmib/ja_log.git
   51f42ce..a461185  main -> main
To github.com:wolfmib/ja_log.git
   a461185..61654a1  main -> main
To github.com:wolfmib/ja_log.git
   61654a1..fad1b26  main -> main
To github.com:wolfmib/ja_log.git
   fad1b26..a8c684b  main -> main
To github.com:wolfmib/ja_log.git
   a8c684b..180cd33  main -> main
To github.com:wolfmib/ja_log.git
   180cd33..19a7a85  main -> main
To github.com:wolfmib/ja_log.git
   19a7a85..cbfbccf  main -> main
To github.com:wolfmib/ja_log.git
   cbfbccf..e6622ed  main -> main
To github.com:wolfmib/ja_log.git
   e6622ed..b4daa5f  main -> main
To github.com:wolfmib/ja_log.git
   b4daa5f..6c9db89  main -> main
To github.com:wolfmib/ja_log.git
   6c9db89..6cb8be8  main -> main
To github.com:wolfmib/ja_log.git
   6cb8be8..b5ef7b6  main -> main
To github.com:wolfmib/ja_log.git
   b5ef7b6..b5668e5  main -> main
To github.com:wolfmib/ja_log.git
   b5668e5..c80b0fd  main -> main
To github.com:wolfmib/ja_log.git
   c80b0fd..9c8f1e7  main -> main
To github.com:wolfmib/ja_log.git
   9c8f1e7..5cfb8d2  main -> main
To github.com:wolfmib/ja_log.git
   5cfb8d2..131000c  main -> main
To github.com:wolfmib/ja_log.git
   131000c..cf5acd1  main -> main
To github.com:wolfmib/ja_log.git
   cf5acd1..97fd565  main -> main
To github.com:wolfmib/ja_log.git
   97fd565..ceef838  main -> main
To github.com:wolfmib/ja_log.git
   ceef838..3aaaf04  main -> main
To github.com:wolfmib/ja_log.git
   3aaaf04..c39ff00  main -> main
To github.com:wolfmib/ja_log.git
   c39ff00..880368d  main -> main
To github.com:wolfmib/ja_log.git
   880368d..097faf5  main -> main
To github.com:wolfmib/ja_log.git
   097faf5..544a733  main -> main
To github.com:wolfmib/ja_log.git
   544a733..6262e5e  main -> main
To github.com:wolfmib/ja_log.git
   6262e5e..9d3f23c  main -> main
To github.com:wolfmib/ja_log.git
   9d3f23c..f5360b8  main -> main
To github.com:wolfmib/ja_log.git
   f5360b8..fdcc7fb  main -> main
To github.com:wolfmib/ja_log.git
   fdcc7fb..ad03181  main -> main
To github.com:wolfmib/ja_log.git
   ad03181..01adfbd  main -> main
To github.com:wolfmib/ja_log.git
   01adfbd..4a4b503  main -> main
To github.com:wolfmib/ja_log.git
   4a4b503..bab3178  main -> main
To github.com:wolfmib/ja_log.git
   bab3178..0124ace  main -> main
To github.com:wolfmib/ja_log.git
   0124ace..270000b  main -> main
To github.com:wolfmib/ja_log.git
   270000b..71de30b  main -> main
To github.com:wolfmib/ja_log.git
   71de30b..d6ff9f0  main -> main
To github.com:wolfmib/ja_log.git
   d6ff9f0..476d102  main -> main
To github.com:wolfmib/ja_log.git
   476d102..4573d4c  main -> main
To github.com:wolfmib/ja_log.git
   4573d4c..830279e  main -> main
To github.com:wolfmib/ja_log.git
   830279e..6835f3c  main -> main
To github.com:wolfmib/ja_log.git
   6835f3c..d20bc35  main -> main
To github.com:wolfmib/ja_log.git
   d20bc35..2c689e3  main -> main
To github.com:wolfmib/ja_log.git
   2c689e3..7c374e1  main -> main
To github.com:wolfmib/ja_log.git
   7c374e1..a8ac42b  main -> main
To github.com:wolfmib/ja_log.git
   a8ac42b..884bca5  main -> main
To github.com:wolfmib/ja_log.git
   884bca5..ab3ff11  main -> main
To github.com:wolfmib/ja_log.git
   ab3ff11..5192dc6  main -> main
To github.com:wolfmib/ja_log.git
   5192dc6..537905a  main -> main
To github.com:wolfmib/ja_log.git
   537905a..a908355  main -> main
To github.com:wolfmib/ja_log.git
   a908355..0139ef4  main -> main
To github.com:wolfmib/ja_log.git
   0139ef4..91de2e7  main -> main
To github.com:wolfmib/ja_log.git
   91de2e7..15ad2b5  main -> main
To github.com:wolfmib/ja_log.git
   15ad2b5..1a85653  main -> main
To github.com:wolfmib/ja_log.git
   1a85653..6265713  main -> main
To github.com:wolfmib/ja_log.git
   6265713..2ac0986  main -> main
To github.com:wolfmib/ja_log.git
   2ac0986..9c21608  main -> main
To github.com:wolfmib/ja_log.git
   9c21608..2fa699f  main -> main
To github.com:wolfmib/ja_log.git
   2fa699f..c03449a  main -> main
To github.com:wolfmib/ja_log.git
   c03449a..e3bcaea  main -> main
To github.com:wolfmib/ja_log.git
   e3bcaea..d4b6570  main -> main
To github.com:wolfmib/ja_log.git
   d4b6570..d058031  main -> main
To github.com:wolfmib/ja_log.git
   d058031..13aa1af  main -> main
To github.com:wolfmib/ja_log.git
   13aa1af..6b80565  main -> main
To github.com:wolfmib/ja_log.git
   6b80565..4fc0c9f  main -> main
To github.com:wolfmib/ja_log.git
   4fc0c9f..1cfbbca  main -> main
To github.com:wolfmib/ja_log.git
   1cfbbca..ef69ace  main -> main
To github.com:wolfmib/ja_log.git
   ef69ace..3433203  main -> main
To github.com:wolfmib/ja_log.git
   3433203..a695c32  main -> main
To github.com:wolfmib/ja_log.git
   a695c32..d0262fc  main -> main
To github.com:wolfmib/ja_log.git
   d0262fc..6cffc3d  main -> main
To github.com:wolfmib/ja_log.git
   6cffc3d..db74485  main -> main
To github.com:wolfmib/ja_log.git
   db74485..14455e0  main -> main
To github.com:wolfmib/ja_log.git
   14455e0..fb7aa8d  main -> main
To github.com:wolfmib/ja_log.git
   fb7aa8d..4497d9e  main -> main
To github.com:wolfmib/ja_log.git
   4497d9e..78d3f1b  main -> main
To github.com:wolfmib/ja_log.git
   78d3f1b..59a2045  main -> main
To github.com:wolfmib/ja_log.git
   59a2045..477023d  main -> main
To github.com:wolfmib/ja_log.git
   477023d..e859e63  main -> main
To github.com:wolfmib/ja_log.git
   e859e63..598ae44  main -> main
To github.com:wolfmib/ja_log.git
   598ae44..9b88ffc  main -> main
To github.com:wolfmib/ja_log.git
   9b88ffc..c5e642f  main -> main
To github.com:wolfmib/ja_log.git
   c5e642f..21cd356  main -> main
To github.com:wolfmib/ja_log.git
   21cd356..267dc73  main -> main
To github.com:wolfmib/ja_log.git
   267dc73..6239064  main -> main
To github.com:wolfmib/ja_log.git
   6239064..51e69f8  main -> main
To github.com:wolfmib/ja_log.git
   51e69f8..d9d2693  main -> main
To github.com:wolfmib/ja_log.git
   d9d2693..6ca22a0  main -> main
To github.com:wolfmib/ja_log.git
   6ca22a0..b0dde3f  main -> main
To github.com:wolfmib/ja_log.git
   b0dde3f..7f47dd5  main -> main
To github.com:wolfmib/ja_log.git
   7f47dd5..bbf9555  main -> main
To github.com:wolfmib/ja_log.git
   bbf9555..7645fbc  main -> main
To github.com:wolfmib/ja_log.git
   7645fbc..2a3b1f5  main -> main
To github.com:wolfmib/ja_log.git
   2a3b1f5..c92be68  main -> main
To github.com:wolfmib/ja_log.git
   c92be68..bf8f358  main -> main
To github.com:wolfmib/ja_log.git
   bf8f358..5dfeff5  main -> main
To github.com:wolfmib/ja_log.git
   5dfeff5..8944468  main -> main
To github.com:wolfmib/ja_log.git
   8944468..4fcb9a5  main -> main
To github.com:wolfmib/ja_log.git
   4fcb9a5..16b908d  main -> main
To github.com:wolfmib/ja_log.git
   16b908d..9e51a42  main -> main
To github.com:wolfmib/ja_log.git
   9e51a42..79c449b  main -> main
To github.com:wolfmib/ja_log.git
   79c449b..e71f006  main -> main
To github.com:wolfmib/ja_log.git
   e71f006..0750d5c  main -> main
To github.com:wolfmib/ja_log.git
   0750d5c..fc7513e  main -> main
To github.com:wolfmib/ja_log.git
   fc7513e..125348d  main -> main
To github.com:wolfmib/ja_log.git
   125348d..bc24b1c  main -> main
To github.com:wolfmib/ja_log.git
   bc24b1c..6cb0086  main -> main
To github.com:wolfmib/ja_log.git
   6cb0086..50139fd  main -> main
To github.com:wolfmib/ja_log.git
   50139fd..1b7f1c0  main -> main
To github.com:wolfmib/ja_log.git
   1b7f1c0..9ff228b  main -> main
To github.com:wolfmib/ja_log.git
   9ff228b..fc2cb55  main -> main
To github.com:wolfmib/ja_log.git
   fc2cb55..370a9cc  main -> main
To github.com:wolfmib/ja_log.git
   370a9cc..a74475e  main -> main
To github.com:wolfmib/ja_log.git
   a74475e..617b88c  main -> main
To github.com:wolfmib/ja_log.git
   617b88c..3b71707  main -> main
To github.com:wolfmib/ja_log.git
   3b71707..d28be9a  main -> main
To github.com:wolfmib/ja_log.git
   d28be9a..2ff11fc  main -> main
To github.com:wolfmib/ja_log.git
   2ff11fc..c12635b  main -> main
To github.com:wolfmib/ja_log.git
   c12635b..8803947  main -> main
To github.com:wolfmib/ja_log.git
   8803947..a168b5d  main -> main
To github.com:wolfmib/ja_log.git
   a168b5d..6c5f219  main -> main
To github.com:wolfmib/ja_log.git
   6c5f219..6fa89ce  main -> main
To github.com:wolfmib/ja_log.git
   6fa89ce..54ebe03  main -> main
To github.com:wolfmib/ja_log.git
   54ebe03..9899a59  main -> main
To github.com:wolfmib/ja_log.git
   9899a59..ee0a3b4  main -> main
To github.com:wolfmib/ja_log.git
   ee0a3b4..f51fdd9  main -> main
To github.com:wolfmib/ja_log.git
   f51fdd9..1edb5cd  main -> main
To github.com:wolfmib/ja_log.git
   1edb5cd..a697848  main -> main
To github.com:wolfmib/ja_log.git
   a697848..7a53a55  main -> main
To github.com:wolfmib/ja_log.git
   7a53a55..f4f019e  main -> main
To github.com:wolfmib/ja_log.git
   f4f019e..529ad9b  main -> main
To github.com:wolfmib/ja_log.git
   529ad9b..42f01e8  main -> main
To github.com:wolfmib/ja_log.git
   42f01e8..c1d9145  main -> main
To github.com:wolfmib/ja_log.git
   c1d9145..f5e311c  main -> main
To github.com:wolfmib/ja_log.git
   f5e311c..a705a79  main -> main
To github.com:wolfmib/ja_log.git
   a705a79..74bda28  main -> main
To github.com:wolfmib/ja_log.git
   74bda28..97058f1  main -> main
To github.com:wolfmib/ja_log.git
   97058f1..1dea978  main -> main
To github.com:wolfmib/ja_log.git
   1dea978..95ab720  main -> main
To github.com:wolfmib/ja_log.git
   95ab720..ae3b9e6  main -> main
To github.com:wolfmib/ja_log.git
   ae3b9e6..847c338  main -> main
To github.com:wolfmib/ja_log.git
   847c338..aa46153  main -> main
To github.com:wolfmib/ja_log.git
   aa46153..4a539f6  main -> main
To github.com:wolfmib/ja_log.git
   4a539f6..6943cee  main -> main
To github.com:wolfmib/ja_log.git
   6943cee..9712839  main -> main
To github.com:wolfmib/ja_log.git
   9712839..ee799e9  main -> main
To github.com:wolfmib/ja_log.git
   ee799e9..f59575e  main -> main
To github.com:wolfmib/ja_log.git
   f59575e..0cbd679  main -> main
To github.com:wolfmib/ja_log.git
   0cbd679..8349cd9  main -> main
To github.com:wolfmib/ja_log.git
   8349cd9..f9d8d80  main -> main
To github.com:wolfmib/ja_log.git
   f9d8d80..6ee4baa  main -> main
To github.com:wolfmib/ja_log.git
   6ee4baa..c1bd1dc  main -> main
To github.com:wolfmib/ja_log.git
   c1bd1dc..5bed1c4  main -> main
